Arguments: 
  /home/erickzic/.nvm/versions/node/v16.13.1/bin/node /usr/local/bin/yarn

PATH: 
  /home/erickzic/.vscode-server/bin/3b889b090b5ad5793f524b5d1d39fda662b96a2a/bin/remote-cli:/home/erickzic/.nvm/versions/node/v16.13.1/bin:/usr/local/sbin:/usr/local/bin:/usr/sbin:/usr/bin:/sbin:/bin:/usr/games:/usr/local/games:/mnt/c/WINDOWS/system32:/mnt/c/WINDOWS:/mnt/c/WINDOWS/System32/Wbem:/mnt/c/WINDOWS/System32/WindowsPowerShell/v1.0/:/mnt/c/WINDOWS/System32/OpenSSH/:/mnt/c/Program Files/Docker/Docker/resources/bin:/mnt/c/ProgramData/DockerDesktop/version-bin:/mnt/c/Program Files/nodejs/:/mnt/c/Program Files/Git/cmd:/mnt/c/Ruby31-x64/bin:/mnt/c/Users/User/AppData/Local/Microsoft/WindowsApps:/mnt/c/Users/User/AppData/Local/Programs/Microsoft VS Code/bin:/mnt/c/Users/User/AppData/Local/Programs/Azure Data Studio/bin:/mnt/c/Users/User/AppData/Roaming/npm:/snap/bin

Yarn version: 
  1.22.17

Node version: 
  16.13.1

Platform: 
  linux x64

Trace: 
  SyntaxError: /mnt/c/Users/User/Documents/Working/login-api/package.json: Unexpected token } in JSON at position 1500
      at JSON.parse (<anonymous>)
      at /usr/local/lib/node_modules/yarn/lib/cli.js:1625:59
      at Generator.next (<anonymous>)
      at step (/usr/local/lib/node_modules/yarn/lib/cli.js:310:30)
      at /usr/local/lib/node_modules/yarn/lib/cli.js:321:13

npm manifest: 
  {
    "name": "login-api",
    "version": "1.0.0",
    "main": "index.js",
    "repository": "https://github.com/BrunoAndrade42/login-api.git",
    "author": "Ericl Freitas <erickdefg@gmail.com>",
    "license": "MIT",
    "scripts": {
      "build":"tsc",
      "start": "node dist/src/shared/infra/server.js",
      "dev": "ts-node-dev -r tsconfig-paths/register --exit-child --inspect --transpile-only --ignore-watch node_modules --respawn src/shared/infra/server.ts"
    },
    "prisma": {
      "seed": "ts-node prisma/seed.ts"
    },
    "dependencies": {
      "@prisma/client": "^3.3.0",
      "bcryptjs": "^2.4.3",
      "cors": "^2.8.5",
      "dayjs": "^1.10.7",
      "dotenv": "^10.0.0",
      "express": "^4.17.1",
      "express-async-errors": "^3.1.1",
      "jsonwebtoken": "^8.5.1",
      "node-cron": "^3.0.0"
    },
    "devDependencies": {
      "@types/bcryptjs": "^2.4.2",
      "@types/cors": "^2.8.12",
      "@types/express": "^4.17.13",
      "@types/jsonwebtoken": "^8.5.5",
      "@types/node": "^16.11.6",
      "@types/node-cron": "^3.0.0",
      "@typescript-eslint/eslint-plugin": "^4.31.2",
      "@typescript-eslint/parser": "^4.31.2",
      "eslint": "^7.32.0",
      "eslint-config-airbnb-base": "^14.2.1",
      "eslint-config-prettier": "^8.3.0",
      "eslint-import-resolver-typescript": "^2.5.0",
      "eslint-plugin-import": "^2.24.2",
      "eslint-plugin-import-helpers": "^1.1.0",
      "eslint-plugin-prettier": "^4.0.0",
      "prettier": "^2.4.1",
      "prisma": "^3.4.1",
      "ts-node-dev": "^1.1.8",
      "typescript": "^4.4.4"
    }
  }
  }

yarn manifest: 
  No manifest

Lockfile: 
  No lockfile
